<?xml version="1.0" encoding="UTF-8"?>
<!-- Generated by org.testng.reporters.JUnitXMLReporter -->
<testsuite ignored="0" hostname="DESKTOP-TAQS4R5" failures="0" tests="2" name="Default test" time="0.117" errors="0" timestamp="2024-05-03T15:09:15 IST">
  <testcase classname="genericUtils.BaseClass" name="@BeforeClass bc" time="0.016">
    <failure type="java.lang.IllegalArgumentException" message="Malformed \uxxxx encoding.">
      <![CDATA[java.lang.IllegalArgumentException: Malformed \uxxxx encoding.
at java.base/java.util.Properties.loadConvert(Properties.java:662)
at java.base/java.util.Properties.load0(Properties.java:455)
at java.base/java.util.Properties.load(Properties.java:408)
at genericUtils.FileUtility.fetchDataFromPropertyFile(FileUtility.java:17)
at genericUtils.BaseClass.bc(BaseClass.java:30)
at java.base/jdk.internal.reflect.NativeMethodAccessorImpl.invoke0(Native Method)
at java.base/jdk.internal.reflect.NativeMethodAccessorImpl.invoke(NativeMethodAccessorImpl.java:77)
at java.base/jdk.internal.reflect.DelegatingMethodAccessorImpl.invoke(DelegatingMethodAccessorImpl.java:43)
at java.base/java.lang.reflect.Method.invoke(Method.java:568)
at org.testng.internal.MethodInvocationHelper.invokeMethod(MethodInvocationHelper.java:133)
at org.testng.internal.MethodInvocationHelper.invokeMethodConsideringTimeout(MethodInvocationHelper.java:62)
at org.testng.internal.ConfigInvoker.invokeConfigurationMethod(ConfigInvoker.java:385)
at org.testng.internal.ConfigInvoker.invokeConfigurations(ConfigInvoker.java:321)
at org.testng.internal.TestMethodWorker.invokeBeforeClassMethods(TestMethodWorker.java:176)
at org.testng.internal.TestMethodWorker.run(TestMethodWorker.java:122)
at java.base/java.util.ArrayList.forEach(ArrayList.java:1511)
at org.testng.TestRunner.privateRun(TestRunner.java:794)
at org.testng.TestRunner.run(TestRunner.java:596)
at org.testng.SuiteRunner.runTest(SuiteRunner.java:377)
at org.testng.SuiteRunner.runSequentially(SuiteRunner.java:371)
at org.testng.SuiteRunner.privateRun(SuiteRunner.java:332)
at org.testng.SuiteRunner.run(SuiteRunner.java:276)
at org.testng.SuiteRunnerWorker.runSuite(SuiteRunnerWorker.java:53)
at org.testng.SuiteRunnerWorker.run(SuiteRunnerWorker.java:96)
at org.testng.TestNG.runSuitesSequentially(TestNG.java:1212)
at org.testng.TestNG.runSuitesLocally(TestNG.java:1134)
at org.testng.TestNG.runSuites(TestNG.java:1063)
at org.testng.TestNG.run(TestNG.java:1031)
at org.testng.remote.AbstractRemoteTestNG.run(AbstractRemoteTestNG.java:115)
at org.testng.remote.RemoteTestNG.initAndRun(RemoteTestNG.java:251)
at org.testng.remote.RemoteTestNG.main(RemoteTestNG.java:77)
]]>
    </failure>
  </testcase> <!-- @BeforeClass bc -->
  <testcase classname="genericUtils.BaseClass" name="@BeforeMethod bm" time="-1.714729154909E9">
    <skipped/>
  </testcase> <!-- @BeforeMethod bm -->
  <testcase classname="genericUtils.BaseClass" name="@AfterMethod am" time="-1.71472915492E9">
    <skipped/>
  </testcase> <!-- @AfterMethod am -->
  <testcase classname="genericUtils.BaseClass" name="@AfterClass ac" time="-1.714729154936E9">
    <skipped/>
  </testcase> <!-- @AfterClass ac -->
  <testcase classname="webElement.textbox.ToRegisterUserAndLoginUser" name="toRegisterUser" time="0.0">
    <skipped/>
  </testcase> <!-- toRegisterUser -->
  <testcase classname="webElement.textbox.ToRegisterUserAndLoginUser" name="toLoginUser" time="0.0">
    <skipped/>
  </testcase> <!-- toLoginUser -->
</testsuite> <!-- Default test -->
